<?xml version="1.0" encoding="UTF-8"?>
<testng-results skipped="0" failed="0" ignored="0" total="4" passed="4">
  <reporter-output>
  </reporter-output>
  <suite name="Suite" duration-ms="121837" started-at="2023-03-04T11:39:54 BDT" finished-at="2023-03-04T11:41:56 BDT">
    <groups>
      <group name="cucumber">
        <method signature="AbstractTestNGCucumberTests.runScenario(io.cucumber.testng.PickleWrapper, io.cucumber.testng.FeatureWrapper)[pri:0, instance:TestRunner.AppRunnerTest@5119fb47]" name="runScenario" class="io.cucumber.testng.AbstractTestNGCucumberTests"/>
      </group> <!-- cucumber -->
    </groups>
    <test name="appTest" duration-ms="121837" started-at="2023-03-04T11:39:54 BDT" finished-at="2023-03-04T11:41:56 BDT">
      <class name="TestRunner.AppRunnerTest">
        <test-method status="PASS" signature="setUpClass()[pri:0, instance:TestRunner.AppRunnerTest@5119fb47]" name="setUpClass" is-config="true" duration-ms="463" started-at="2023-03-04T11:39:54 BDT" finished-at="2023-03-04T11:39:54 BDT">
          <reporter-output>
          </reporter-output>
        </test-method> <!-- setUpClass -->
        <test-method status="PASS" signature="runScenario(io.cucumber.testng.PickleWrapper, io.cucumber.testng.FeatureWrapper)[pri:0, instance:TestRunner.AppRunnerTest@5119fb47]" name="runScenario" duration-ms="34170" started-at="2023-03-04T11:39:54 BDT" description="Runs Cucumber Scenarios" data-provider="scenarios" finished-at="2023-03-04T11:40:28 BDT">
          <params>
            <param index="0">
              <value>
                <![CDATA["user login with valid data"]]>
              </value>
            </param>
            <param index="1">
              <value>
                <![CDATA["Optional[App Automation]"]]>
              </value>
            </param>
          </params>
          <reporter-output>
          </reporter-output>
        </test-method> <!-- runScenario -->
        <test-method status="PASS" signature="runScenario(io.cucumber.testng.PickleWrapper, io.cucumber.testng.FeatureWrapper)[pri:0, instance:TestRunner.AppRunnerTest@5119fb47]" name="runScenario" duration-ms="30426" started-at="2023-03-04T11:40:28 BDT" description="Runs Cucumber Scenarios" data-provider="scenarios" finished-at="2023-03-04T11:40:59 BDT">
          <params>
            <param index="0">
              <value>
                <![CDATA["Make Payment with valid data"]]>
              </value>
            </param>
            <param index="1">
              <value>
                <![CDATA["Optional[Make Payment]"]]>
              </value>
            </param>
          </params>
          <reporter-output>
          </reporter-output>
        </test-method> <!-- runScenario -->
        <test-method status="PASS" signature="runScenario(io.cucumber.testng.PickleWrapper, io.cucumber.testng.FeatureWrapper)[pri:0, instance:TestRunner.AppRunnerTest@5119fb47]" name="runScenario" duration-ms="44456" started-at="2023-03-04T11:40:59 BDT" description="Runs Cucumber Scenarios" data-provider="scenarios" finished-at="2023-03-04T11:41:43 BDT">
          <params>
            <param index="0">
              <value>
                <![CDATA["Mortgage Request with valid Data"]]>
              </value>
            </param>
            <param index="1">
              <value>
                <![CDATA["Optional[Mortgage Request]"]]>
              </value>
            </param>
          </params>
          <reporter-output>
          </reporter-output>
        </test-method> <!-- runScenario -->
        <test-method status="PASS" signature="runScenario(io.cucumber.testng.PickleWrapper, io.cucumber.testng.FeatureWrapper)[pri:0, instance:TestRunner.AppRunnerTest@5119fb47]" name="runScenario" duration-ms="12263" started-at="2023-03-04T11:41:43 BDT" description="Runs Cucumber Scenarios" data-provider="scenarios" finished-at="2023-03-04T11:41:56 BDT">
          <params>
            <param index="0">
              <value>
                <![CDATA["Add Expense and Logout"]]>
              </value>
            </param>
            <param index="1">
              <value>
                <![CDATA["Optional[Expense Report]"]]>
              </value>
            </param>
          </params>
          <reporter-output>
          </reporter-output>
        </test-method> <!-- runScenario -->
        <test-method status="PASS" signature="tearDownClass()[pri:0, instance:TestRunner.AppRunnerTest@5119fb47]" name="tearDownClass" is-config="true" duration-ms="33" started-at="2023-03-04T11:41:56 BDT" finished-at="2023-03-04T11:41:56 BDT">
          <reporter-output>
          </reporter-output>
        </test-method> <!-- tearDownClass -->
      </class> <!-- TestRunner.AppRunnerTest -->
    </test> <!-- appTest -->
  </suite> <!-- Suite -->
</testng-results>
